*** Starting uWSGI 2.0.18 (64bit) on [Tue Jul 14 18:11:10 2020] ***
compiled with version: 5.4.0 20160609 on 11 January 2020 12:07:18
os: Linux-4.4.0-170-generic #199-Ubuntu SMP Thu Nov 14 01:45:04 UTC 2019
nodename: cf
machine: x86_64
clock source: unix
pcre jit disabled
detected number of CPU cores: 2
current working directory: /var/www/Flask_vote2
*** running under screen session 9995.aero ***
writing pidfile to uwsgi.pid
detected binary path: /usr/local/bin/uwsgi
uWSGI running as root, you can use --uid/--gid/--chroot options
*** WARNING: you are running uWSGI as root !!! (use the --uid flag) *** 
chdir() to /var/www/Flask_vote2
your processes number limit is 14901
your memory page size is 4096 bytes
 *** WARNING: you have enabled harakiri without post buffering. Slow upload could be rejected on post-unbuffered webservers *** 
detected max file descriptor number: 65535
lock engine: pthread robust mutexes
thunder lock: enabled
Listen queue size is greater than the system max net.core.somaxconn (128).
*** Starting uWSGI 2.0.18 (64bit) on [Tue Jul 14 18:17:03 2020] ***
compiled with version: 5.4.0 20160609 on 11 January 2020 12:07:18
os: Linux-4.4.0-170-generic #199-Ubuntu SMP Thu Nov 14 01:45:04 UTC 2019
nodename: cf
machine: x86_64
clock source: unix
pcre jit disabled
detected number of CPU cores: 2
current working directory: /var/www/Flask_vote2
*** running under screen session 9995.aero ***
writing pidfile to uwsgi.pid
detected binary path: /usr/local/bin/uwsgi
uWSGI running as root, you can use --uid/--gid/--chroot options
*** WARNING: you are running uWSGI as root !!! (use the --uid flag) *** 
chdir() to /var/www/Flask_vote2
your processes number limit is 14901
your memory page size is 4096 bytes
 *** WARNING: you have enabled harakiri without post buffering. Slow upload could be rejected on post-unbuffered webservers *** 
detected max file descriptor number: 65535
lock engine: pthread robust mutexes
thunder lock: enabled
uWSGI http bound on 0.0.0.0:5000 fd 4
uwsgi socket 0 bound to TCP address 127.0.0.1:36821 (port auto-assigned) fd 3
uWSGI running as root, you can use --uid/--gid/--chroot options
*** WARNING: you are running uWSGI as root !!! (use the --uid flag) *** 
Python version: 3.5.2 (default, Oct  8 2019, 13:06:37)  [GCC 5.4.0 20160609]
*** Python threads support is disabled. You can enable it with --enable-threads ***
Python main interpreter initialized at 0xe244c0
uWSGI running as root, you can use --uid/--gid/--chroot options
*** WARNING: you are running uWSGI as root !!! (use the --uid flag) *** 
your server socket listen backlog is limited to 100 connections
your mercy for graceful operations on workers is 60 seconds
mapped 364520 bytes (355 KB) for 4 cores
*** Operational MODE: preforking ***
unable to find "application" callable in file manager.py
unable to load app 0 (mountpoint='') (callable not found or import error)
*** no app loaded. going in full dynamic mode ***
uWSGI running as root, you can use --uid/--gid/--chroot options
*** WARNING: you are running uWSGI as root !!! (use the --uid flag) *** 
*** uWSGI is running in multiple interpreter mode ***
spawned uWSGI master process (pid: 11819)
spawned uWSGI worker 1 (pid: 11821, cores: 1)
spawned uWSGI worker 2 (pid: 11822, cores: 1)
spawned uWSGI worker 3 (pid: 11823, cores: 1)
spawned uWSGI worker 4 (pid: 11824, cores: 1)
spawned uWSGI http 1 (pid: 11825)
--- no python application found, check your startup logs for errors ---
[pid: 11821|app: -1|req: -1/1] 115.49.220.13 () {40 vars in 785 bytes} [Tue Jul 14 18:17:11 2020] GET / => generated 21 bytes in 0 msecs (HTTP/1.1 500) 2 headers in 83 bytes (0 switches on core 0)
--- no python application found, check your startup logs for errors ---
[pid: 11822|app: -1|req: -1/2] 115.49.220.13 () {42 vars in 756 bytes} [Tue Jul 14 18:17:11 2020] GET /favicon.ico => generated 21 bytes in 0 msecs (HTTP/1.1 500) 2 headers in 83 bytes (0 switches on core 0)
Tue Jul 14 18:18:51 2020 - uWSGI worker 4 screams: UAAAAAAH my master disconnected: i will kill myself !!!
Tue Jul 14 18:18:51 2020 - uWSGI worker 3 screams: UAAAAAAH my master disconnected: i will kill myself !!!
Tue Jul 14 18:18:51 2020 - uWSGI worker 1 screams: UAAAAAAH my master disconnected: i will kill myself !!!
Tue Jul 14 18:18:51 2020 - uWSGI worker 2 screams: UAAAAAAH my master disconnected: i will kill myself !!!
*** Starting uWSGI 2.0.18 (64bit) on [Tue Jul 14 18:19:39 2020] ***
compiled with version: 5.4.0 20160609 on 11 January 2020 12:07:18
os: Linux-4.4.0-170-generic #199-Ubuntu SMP Thu Nov 14 01:45:04 UTC 2019
nodename: cf
machine: x86_64
clock source: unix
pcre jit disabled
detected number of CPU cores: 2
current working directory: /var/www/Flask_vote2
*** running under screen session 9995.aero ***
writing pidfile to uwsgi.pid
detected binary path: /usr/local/bin/uwsgi
uWSGI running as root, you can use --uid/--gid/--chroot options
*** WARNING: you are running uWSGI as root !!! (use the --uid flag) *** 
chdir() to /var/www/Flask_vote2
your processes number limit is 14901
your memory page size is 4096 bytes
 *** WARNING: you have enabled harakiri without post buffering. Slow upload could be rejected on post-unbuffered webservers *** 
detected max file descriptor number: 65535
lock engine: pthread robust mutexes
thunder lock: enabled
uWSGI http bound on 0.0.0.0:5000 fd 4
uwsgi socket 0 bound to TCP address 127.0.0.1:46478 (port auto-assigned) fd 3
uWSGI running as root, you can use --uid/--gid/--chroot options
*** WARNING: you are running uWSGI as root !!! (use the --uid flag) *** 
Python version: 3.5.2 (default, Oct  8 2019, 13:06:37)  [GCC 5.4.0 20160609]
*** Python threads support is disabled. You can enable it with --enable-threads ***
Python main interpreter initialized at 0x1a0a4c0
uWSGI running as root, you can use --uid/--gid/--chroot options
*** WARNING: you are running uWSGI as root !!! (use the --uid flag) *** 
your server socket listen backlog is limited to 100 connections
your mercy for graceful operations on workers is 60 seconds
mapped 364520 bytes (355 KB) for 4 cores
*** Operational MODE: preforking ***
unable to find "application" callable in file manager.py
unable to load app 0 (mountpoint='') (callable not found or import error)
*** no app loaded. going in full dynamic mode ***
uWSGI running as root, you can use --uid/--gid/--chroot options
*** WARNING: you are running uWSGI as root !!! (use the --uid flag) *** 
*** uWSGI is running in multiple interpreter mode ***
spawned uWSGI master process (pid: 11837)
spawned uWSGI worker 1 (pid: 11839, cores: 1)
spawned uWSGI worker 2 (pid: 11840, cores: 1)
spawned uWSGI worker 3 (pid: 11841, cores: 1)
spawned uWSGI worker 4 (pid: 11842, cores: 1)
spawned uWSGI http 1 (pid: 11843)
--- no python application found, check your startup logs for errors ---
[pid: 11840|app: -1|req: -1/1] 115.49.220.13 () {40 vars in 785 bytes} [Tue Jul 14 18:19:43 2020] GET / => generated 21 bytes in 0 msecs (HTTP/1.1 500) 2 headers in 83 bytes (0 switches on core 0)
--- no python application found, check your startup logs for errors ---
[pid: 11839|app: -1|req: -1/2] 115.49.220.13 () {38 vars in 703 bytes} [Tue Jul 14 18:19:43 2020] GET /favicon.ico => generated 21 bytes in 0 msecs (HTTP/1.1 500) 2 headers in 83 bytes (0 switches on core 0)
--- no python application found, check your startup logs for errors ---
[pid: 11841|app: -1|req: -1/3] 115.49.220.13 () {40 vars in 785 bytes} [Tue Jul 14 18:21:47 2020] GET / => generated 21 bytes in 0 msecs (HTTP/1.1 500) 2 headers in 83 bytes (0 switches on core 0)
--- no python application found, check your startup logs for errors ---
[pid: 11842|app: -1|req: -1/4] 115.49.220.13 () {38 vars in 703 bytes} [Tue Jul 14 18:21:47 2020] GET /favicon.ico => generated 21 bytes in 0 msecs (HTTP/1.1 500) 2 headers in 83 bytes (0 switches on core 0)
--- no python application found, check your startup logs for errors ---
[pid: 11840|app: -1|req: -1/5] 115.49.220.13 () {40 vars in 785 bytes} [Tue Jul 14 18:21:49 2020] GET / => generated 21 bytes in 0 msecs (HTTP/1.1 500) 2 headers in 83 bytes (0 switches on core 0)
--- no python application found, check your startup logs for errors ---
[pid: 11839|app: -1|req: -1/6] 115.49.220.13 () {38 vars in 703 bytes} [Tue Jul 14 18:21:49 2020] GET /favicon.ico => generated 21 bytes in 0 msecs (HTTP/1.1 500) 2 headers in 83 bytes (0 switches on core 0)
--- no python application found, check your startup logs for errors ---
[pid: 11841|app: -1|req: -1/7] 115.49.220.13 () {40 vars in 785 bytes} [Tue Jul 14 18:24:58 2020] GET / => generated 21 bytes in 0 msecs (HTTP/1.1 500) 2 headers in 83 bytes (0 switches on core 0)
--- no python application found, check your startup logs for errors ---
[pid: 11842|app: -1|req: -1/8] 115.49.220.13 () {38 vars in 703 bytes} [Tue Jul 14 18:24:58 2020] GET /favicon.ico => generated 21 bytes in 0 msecs (HTTP/1.1 500) 2 headers in 83 bytes (0 switches on core 0)
--- no python application found, check your startup logs for errors ---
[pid: 11840|app: -1|req: -1/9] 115.49.220.13 () {40 vars in 785 bytes} [Tue Jul 14 18:24:59 2020] GET / => generated 21 bytes in 0 msecs (HTTP/1.1 500) 2 headers in 83 bytes (0 switches on core 0)
--- no python application found, check your startup logs for errors ---
[pid: 11839|app: -1|req: -1/10] 115.49.220.13 () {38 vars in 703 bytes} [Tue Jul 14 18:24:59 2020] GET /favicon.ico => generated 21 bytes in 0 msecs (HTTP/1.1 500) 2 headers in 83 bytes (0 switches on core 0)
--- no python application found, check your startup logs for errors ---
[pid: 11841|app: -1|req: -1/11] 115.49.220.13 () {40 vars in 784 bytes} [Tue Jul 14 18:34:16 2020] GET / => generated 21 bytes in 0 msecs (HTTP/1.1 500) 2 headers in 83 bytes (0 switches on core 0)
--- no python application found, check your startup logs for errors ---
[pid: 11842|app: -1|req: -1/12] 115.49.220.13 () {42 vars in 755 bytes} [Tue Jul 14 18:34:16 2020] GET /favicon.ico => generated 21 bytes in 0 msecs (HTTP/1.1 500) 2 headers in 83 bytes (0 switches on core 0)
--- no python application found, check your startup logs for errors ---
[pid: 11840|app: -1|req: -1/13] 115.49.220.13 () {40 vars in 784 bytes} [Tue Jul 14 18:34:17 2020] GET / => generated 21 bytes in 0 msecs (HTTP/1.1 500) 2 headers in 83 bytes (0 switches on core 0)
--- no python application found, check your startup logs for errors ---
[pid: 11839|app: -1|req: -1/14] 115.49.220.13 () {42 vars in 755 bytes} [Tue Jul 14 18:34:17 2020] GET /favicon.ico => generated 21 bytes in 0 msecs (HTTP/1.1 500) 2 headers in 83 bytes (0 switches on core 0)
--- no python application found, check your startup logs for errors ---
[pid: 11841|app: -1|req: -1/15] 115.49.220.13 () {40 vars in 785 bytes} [Tue Jul 14 18:37:55 2020] GET / => generated 21 bytes in 0 msecs (HTTP/1.1 500) 2 headers in 83 bytes (0 switches on core 0)
--- no python application found, check your startup logs for errors ---
[pid: 11842|app: -1|req: -1/16] 115.49.220.13 () {38 vars in 703 bytes} [Tue Jul 14 18:37:55 2020] GET /favicon.ico => generated 21 bytes in 0 msecs (HTTP/1.1 500) 2 headers in 83 bytes (0 switches on core 0)
--- no python application found, check your startup logs for errors ---
[pid: 11840|app: -1|req: -1/17] 115.49.220.13 () {40 vars in 785 bytes} [Tue Jul 14 18:39:40 2020] GET / => generated 21 bytes in 0 msecs (HTTP/1.1 500) 2 headers in 83 bytes (0 switches on core 0)
--- no python application found, check your startup logs for errors ---
[pid: 11839|app: -1|req: -1/18] 115.49.220.13 () {38 vars in 703 bytes} [Tue Jul 14 18:39:40 2020] GET /favicon.ico => generated 21 bytes in 0 msecs (HTTP/1.1 500) 2 headers in 83 bytes (0 switches on core 0)
--- no python application found, check your startup logs for errors ---
[pid: 11841|app: -1|req: -1/19] 115.49.220.13 () {40 vars in 785 bytes} [Tue Jul 14 18:48:27 2020] GET / => generated 21 bytes in 0 msecs (HTTP/1.1 500) 2 headers in 83 bytes (0 switches on core 0)
--- no python application found, check your startup logs for errors ---
[pid: 11842|app: -1|req: -1/20] 115.49.220.13 () {42 vars in 756 bytes} [Tue Jul 14 18:48:27 2020] GET /favicon.ico => generated 21 bytes in 0 msecs (HTTP/1.1 500) 2 headers in 83 bytes (0 switches on core 0)
--- no python application found, check your startup logs for errors ---
[pid: 11840|app: -1|req: -1/21] 115.49.220.13 () {40 vars in 785 bytes} [Tue Jul 14 18:48:28 2020] GET / => generated 21 bytes in 0 msecs (HTTP/1.1 500) 2 headers in 83 bytes (0 switches on core 0)
--- no python application found, check your startup logs for errors ---
[pid: 11839|app: -1|req: -1/22] 115.49.220.13 () {42 vars in 756 bytes} [Tue Jul 14 18:48:28 2020] GET /favicon.ico => generated 21 bytes in 0 msecs (HTTP/1.1 500) 2 headers in 83 bytes (0 switches on core 0)
Tue Jul 14 18:51:49 2020 - uWSGI worker 3 screams: UAAAAAAH my master disconnected: i will kill myself !!!
Tue Jul 14 18:51:49 2020 - uWSGI worker 4 screams: UAAAAAAH my master disconnected: i will kill myself !!!
Tue Jul 14 18:51:49 2020 - uWSGI worker 2 screams: UAAAAAAH my master disconnected: i will kill myself !!!
Tue Jul 14 18:51:49 2020 - uWSGI worker 1 screams: UAAAAAAH my master disconnected: i will kill myself !!!
